<?xml version="1.0" encoding="UTF-8"?>
<!-- Generated by org.testng.reporters.JUnitXMLReporter -->
<testsuite ignored="0" hostname="DESKTOP-EEFI99H" failures="0" tests="4" name="TestNG" time="38.241" errors="0" timestamp="2024-05-10T21:36:43 EDT">
  <testcase classname="testLayer.LoginTest" name="Login" time="0.606"/>
  <testcase classname="testLayer.LoginTest" name="Login" time="0.721"/>
  <testcase classname="testLayer.LoginTest" name="Login" time="0.6"/>
  <testcase classname="testLayer.LoginTest" name="Title" time="0.019"/>
</testsuite> <!-- TestNG -->
