<?xml version="1.0" encoding="UTF-8"?>
<!-- Generated by org.testng.reporters.JUnitXMLReporter -->
<testsuite ignored="0" hostname="DESKTOP-EEFI99H" failures="0" tests="4" name="Default test" time="27.066" errors="0" timestamp="2024-05-10T21:05:19 EDT">
  <testcase classname="testLayer.LoginTest" name="Login" time="0.473"/>
  <testcase classname="testLayer.LoginTest" name="Login" time="0.59"/>
  <testcase classname="testLayer.LoginTest" name="Login" time="0.605"/>
  <testcase classname="testLayer.LoginTest" name="Title" time="0.016"/>
</testsuite> <!-- Default test -->
