<?xml version="1.0" encoding="UTF-8"?>
<testng-results ignored="0" total="4" passed="4" failed="0" skipped="0">
  <reporter-output>
  </reporter-output>
  <suite started-at="2024-05-10T21:36:05 EDT" name="OrangeHRM" finished-at="2024-05-10T21:36:43 EDT" duration-ms="38241">
    <groups>
    </groups>
    <test started-at="2024-05-10T21:36:05 EDT" name="TestNG" finished-at="2024-05-10T21:36:43 EDT" duration-ms="38241">
      <class name="testLayer.LoginTest">
        <test-method is-config="true" signature="initialsetup()[pri:0, instance:testLayer.LoginTest@175c2241]" started-at="2024-05-10T21:36:06 EDT" name="initialsetup" finished-at="2024-05-10T21:36:14 EDT" duration-ms="8406" status="PASS">
          <reporter-output>
          </reporter-output>
        </test-method> <!-- initialsetup -->
        <test-method signature="Login(java.lang.String,java.lang.String)[pri:0, instance:testLayer.LoginTest@175c2241]" started-at="2024-05-10T21:36:14 EDT" name="Login" data-provider="Details" finished-at="2024-05-10T21:36:15 EDT" duration-ms="606" status="PASS">
          <params>
            <param index="0">
              <value>
                <![CDATA[Admin]]>
              </value>
            </param>
            <param index="1">
              <value>
                <![CDATA[admin123]]>
              </value>
            </param>
          </params>
          <reporter-output>
          </reporter-output>
        </test-method> <!-- Login -->
        <test-method is-config="true" signature="close()[pri:0, instance:testLayer.LoginTest@175c2241]" started-at="2024-05-10T21:36:15 EDT" name="close" finished-at="2024-05-10T21:36:15 EDT" duration-ms="148" status="PASS">
          <reporter-output>
          </reporter-output>
        </test-method> <!-- close -->
        <test-method is-config="true" signature="initialsetup()[pri:0, instance:testLayer.LoginTest@175c2241]" started-at="2024-05-10T21:36:15 EDT" name="initialsetup" finished-at="2024-05-10T21:36:23 EDT" duration-ms="8494" status="PASS">
          <reporter-output>
          </reporter-output>
        </test-method> <!-- initialsetup -->
        <test-method signature="Login(java.lang.String,java.lang.String)[pri:0, instance:testLayer.LoginTest@175c2241]" started-at="2024-05-10T21:36:23 EDT" name="Login" data-provider="Details" finished-at="2024-05-10T21:36:24 EDT" duration-ms="721" status="PASS">
          <params>
            <param index="0">
              <value>
                <![CDATA[Admin]]>
              </value>
            </param>
            <param index="1">
              <value>
                <![CDATA[abcd]]>
              </value>
            </param>
          </params>
          <reporter-output>
          </reporter-output>
        </test-method> <!-- Login -->
        <test-method is-config="true" signature="close()[pri:0, instance:testLayer.LoginTest@175c2241]" started-at="2024-05-10T21:36:24 EDT" name="close" finished-at="2024-05-10T21:36:24 EDT" duration-ms="141" status="PASS">
          <reporter-output>
          </reporter-output>
        </test-method> <!-- close -->
        <test-method is-config="true" signature="initialsetup()[pri:0, instance:testLayer.LoginTest@175c2241]" started-at="2024-05-10T21:36:24 EDT" name="initialsetup" finished-at="2024-05-10T21:36:34 EDT" duration-ms="9215" status="PASS">
          <reporter-output>
          </reporter-output>
        </test-method> <!-- initialsetup -->
        <test-method signature="Login(java.lang.String,java.lang.String)[pri:0, instance:testLayer.LoginTest@175c2241]" started-at="2024-05-10T21:36:34 EDT" name="Login" data-provider="Details" finished-at="2024-05-10T21:36:34 EDT" duration-ms="600" status="PASS">
          <params>
            <param index="0">
              <value>
                <![CDATA[scott]]>
              </value>
            </param>
            <param index="1">
              <value>
                <![CDATA[xyz]]>
              </value>
            </param>
          </params>
          <reporter-output>
          </reporter-output>
        </test-method> <!-- Login -->
        <test-method is-config="true" signature="close()[pri:0, instance:testLayer.LoginTest@175c2241]" started-at="2024-05-10T21:36:34 EDT" name="close" finished-at="2024-05-10T21:36:34 EDT" duration-ms="141" status="PASS">
          <reporter-output>
          </reporter-output>
        </test-method> <!-- close -->
        <test-method is-config="true" signature="initialsetup()[pri:0, instance:testLayer.LoginTest@175c2241]" started-at="2024-05-10T21:36:34 EDT" name="initialsetup" finished-at="2024-05-10T21:36:43 EDT" duration-ms="8722" status="PASS">
          <reporter-output>
          </reporter-output>
        </test-method> <!-- initialsetup -->
        <test-method signature="Title()[pri:0, instance:testLayer.LoginTest@175c2241]" started-at="2024-05-10T21:36:43 EDT" name="Title" finished-at="2024-05-10T21:36:43 EDT" duration-ms="19" status="PASS">
          <reporter-output>
          </reporter-output>
        </test-method> <!-- Title -->
        <test-method is-config="true" signature="close()[pri:0, instance:testLayer.LoginTest@175c2241]" started-at="2024-05-10T21:36:43 EDT" name="close" finished-at="2024-05-10T21:36:43 EDT" duration-ms="93" status="PASS">
          <reporter-output>
          </reporter-output>
        </test-method> <!-- close -->
      </class> <!-- testLayer.LoginTest -->
    </test> <!-- TestNG -->
  </suite> <!-- OrangeHRM -->
</testng-results>
